<html>
<head>
<title>TestNG:  srcFolder Classes</title>
<link href="../testng.css" rel="stylesheet" type="text/css" />
<link href="../my-testng.css" rel="stylesheet" type="text/css" />

<style type="text/css">
.log { display: none;} 
.stack-trace { display: none;} 
</style>
<script type="text/javascript">
<!--
function flip(e) {
  current = e.style.display;
  if (current == 'block') {
    e.style.display = 'none';
    return 0;
  }
  else {
    e.style.display = 'block';
    return 1;
  }
}

function toggleBox(szDivId, elem, msg1, msg2)
{
  var res = -1;  if (document.getElementById) {
    res = flip(document.getElementById(szDivId));
  }
  else if (document.all) {
    // this is the way old msie versions work
    res = flip(document.all[szDivId]);
  }
  if(elem) {
    if(res == 0) elem.innerHTML = msg1; else elem.innerHTML = msg2;
  }

}

function toggleAllBoxes() {
  if (document.getElementsByTagName) {
    d = document.getElementsByTagName('div');
    for (i = 0; i < d.length; i++) {
      if (d[i].className == 'log') {
        flip(d[i]);
      }
    }
  }
}

// -->
</script>

</head>
<body>
<h2 align='center'>srcFolder Classes</h2><table border='1' align="center">
<tr>
<td>Tests passed/Failed/Skipped:</td><td>21/2/0</td>
</tr><tr>
<td>Started on:</td><td>Thu Oct 04 07:38:03 IST 2018</td>
</tr>
<tr><td>Total time:</td><td>244 seconds (244228 ms)</td>
</tr><tr>
<td>Included groups:</td><td></td>
</tr><tr>
<td>Excluded groups:</td><td></td>
</tr>
</table><p/>
<small><i>(Hover the method name to see the test class name)</i></small><p/>
<table width='100%' border='1' class='invocation-failed'>
<tr><td colspan='4' align='center'><b>FAILED TESTS</b></td></tr>
<tr><td><b>Test method</b></td>
<td width="30%"><b>Exception</b></td>
<td width="10%"><b>Time (seconds)</b></td>
<td><b>Instance</b></td>
</tr>
<tr>
<td title='com.testng.tests.InfiniteLoopTest.infiniteLoop()'><b>infiniteLoop</b><br>Test class: com.testng.tests.InfiniteLoopTest</td>
<td><div><pre>org.testng.internal.thread.ThreadTimeoutException: Method com.testng.tests.InfiniteLoopTest.infiniteLoop() didn&apos;t finish within the time-out 2
	at sun.nio.cs.SingleByte$Encoder.encodeLoop(SingleByte.java:219)
	at java.nio.charset.CharsetEncoder.encode(CharsetEncoder.java:579)
	at sun.nio.cs.StreamEncoder.implWrite(StreamEncoder.java:271)
	at sun.nio.cs.StreamEncoder.write(StreamEncoder.java:125)
	at java.io.OutputStreamWriter.write(OutputStreamWriter.java:207)
	at java.io.BufferedWriter.flushBuffer(BufferedWriter.java:129)
	at java.io.PrintStream.newLine(PrintStream.java:545)
	at java.io.PrintStream.println(PrintStream.java:807)
	at com.testng.tests.InfiniteLoopTest.infiniteLoop(InfiniteLoopTest.java:13)
	at java.util.concurrent.Executors$RunnableAdapter.call(Executors.java:511)
	at java.util.concurrent.FutureTask.run(FutureTask.java:266)
	at java.util.concurrent.ThreadPoolExecutor.runWorker(ThreadPoolExecutor.java:1149)
	at java.util.concurrent.ThreadPoolExecutor$Worker.run(ThreadPoolExecutor.java:624)
	at java.lang.Thread.run(Thread.java:748)
... Removed 7 stack frames</pre></div><a href='#' onClick='toggleBox("stack-trace375466577", this, "Click to show all stack frames", "Click to hide stack frames")'>Click to show all stack frames</a>
<div class='stack-trace' id='stack-trace375466577'><pre>org.testng.internal.thread.ThreadTimeoutException: Method com.testng.tests.InfiniteLoopTest.infiniteLoop() didn&apos;t finish within the time-out 2
	at sun.nio.cs.SingleByte$Encoder.encodeLoop(SingleByte.java:219)
	at java.nio.charset.CharsetEncoder.encode(CharsetEncoder.java:579)
	at sun.nio.cs.StreamEncoder.implWrite(StreamEncoder.java:271)
	at sun.nio.cs.StreamEncoder.write(StreamEncoder.java:125)
	at java.io.OutputStreamWriter.write(OutputStreamWriter.java:207)
	at java.io.BufferedWriter.flushBuffer(BufferedWriter.java:129)
	at java.io.PrintStream.newLine(PrintStream.java:545)
	at java.io.PrintStream.println(PrintStream.java:807)
	at com.testng.tests.InfiniteLoopTest.infiniteLoop(InfiniteLoopTest.java:13)
	at sun.reflect.NativeMethodAccessorImpl.invoke0(Native Method)
	at sun.reflect.NativeMethodAccessorImpl.invoke(NativeMethodAccessorImpl.java:62)
	at sun.reflect.DelegatingMethodAccessorImpl.invoke(DelegatingMethodAccessorImpl.java:43)
	at java.lang.reflect.Method.invoke(Method.java:498)
	at org.testng.internal.MethodInvocationHelper.invokeMethod(MethodInvocationHelper.java:104)
	at org.testng.internal.InvokeMethodRunnable.runOne(InvokeMethodRunnable.java:54)
	at org.testng.internal.InvokeMethodRunnable.run(InvokeMethodRunnable.java:40)
	at java.util.concurrent.Executors$RunnableAdapter.call(Executors.java:511)
	at java.util.concurrent.FutureTask.run(FutureTask.java:266)
	at java.util.concurrent.ThreadPoolExecutor.runWorker(ThreadPoolExecutor.java:1149)
	at java.util.concurrent.ThreadPoolExecutor$Worker.run(ThreadPoolExecutor.java:624)
	at java.lang.Thread.run(Thread.java:748)
</pre></div></td>
<td>0</td>
<td>com.testng.tests.InfiniteLoopTest@51565ec2</td></tr>
<tr>
<td title='com.testng.tests.LaxmanTest.test3()'><b>test3</b><br>Test class: com.testng.tests.LaxmanTest</td>
<td><div><pre>java.lang.AssertionError: Test FAIL..
	at com.testng.tests.LaxmanTest.test3(LaxmanTest.java:52)
... Removed 26 stack frames</pre></div><a href='#' onClick='toggleBox("stack-trace431506362", this, "Click to show all stack frames", "Click to hide stack frames")'>Click to show all stack frames</a>
<div class='stack-trace' id='stack-trace431506362'><pre>java.lang.AssertionError: Test FAIL..
	at org.testng.Assert.fail(Assert.java:94)
	at com.testng.tests.LaxmanTest.test3(LaxmanTest.java:52)
	at sun.reflect.NativeMethodAccessorImpl.invoke0(Native Method)
	at sun.reflect.NativeMethodAccessorImpl.invoke(NativeMethodAccessorImpl.java:62)
	at sun.reflect.DelegatingMethodAccessorImpl.invoke(DelegatingMethodAccessorImpl.java:43)
	at java.lang.reflect.Method.invoke(Method.java:498)
	at org.testng.internal.MethodInvocationHelper.invokeMethod(MethodInvocationHelper.java:104)
	at org.testng.internal.Invoker.invokeMethod(Invoker.java:645)
	at org.testng.internal.Invoker.invokeTestMethod(Invoker.java:851)
	at org.testng.internal.Invoker.invokeTestMethods(Invoker.java:1177)
	at org.testng.internal.TestMethodWorker.invokeTestMethods(TestMethodWorker.java:129)
	at org.testng.internal.TestMethodWorker.run(TestMethodWorker.java:112)
	at org.testng.TestRunner.privateRun(TestRunner.java:756)
	at org.testng.TestRunner.run(TestRunner.java:610)
	at org.testng.SuiteRunner.runTest(SuiteRunner.java:387)
	at org.testng.SuiteRunner.runSequentially(SuiteRunner.java:382)
	at org.testng.SuiteRunner.privateRun(SuiteRunner.java:340)
	at org.testng.SuiteRunner.run(SuiteRunner.java:289)
	at org.testng.SuiteRunnerWorker.runSuite(SuiteRunnerWorker.java:52)
	at org.testng.SuiteRunnerWorker.run(SuiteRunnerWorker.java:86)
	at org.testng.TestNG.runSuitesSequentially(TestNG.java:1293)
	at org.testng.TestNG.runSuitesLocally(TestNG.java:1218)
	at org.testng.TestNG.runSuites(TestNG.java:1133)
	at org.testng.TestNG.run(TestNG.java:1104)
	at org.testng.remote.AbstractRemoteTestNG.run(AbstractRemoteTestNG.java:114)
	at org.testng.remote.RemoteTestNG.initAndRun(RemoteTestNG.java:251)
	at org.testng.remote.RemoteTestNG.main(RemoteTestNG.java:77)
</pre></div></td>
<td>0</td>
<td>com.testng.tests.LaxmanTest@1593948d</td></tr>
</table><p>
<table width='100%' border='1' class='invocation-passed'>
<tr><td colspan='4' align='center'><b>PASSED TESTS</b></td></tr>
<tr><td><b>Test method</b></td>
<td width="30%"><b>Exception</b></td>
<td width="10%"><b>Time (seconds)</b></td>
<td><b>Instance</b></td>
</tr>
<tr>
<td title='com.testng.tests.InvocationCountTest.invocationCountTest()'><b>invocationCountTest</b><br>Test class: com.testng.tests.InvocationCountTest</td>
<td></td>
<td>0</td>
<td>com.testng.tests.InvocationCountTest@482f8f11</td></tr>
<tr>
<td title='com.testng.tests.InvocationCountTest.invocationCountTest()'><b>invocationCountTest</b><br>Test class: com.testng.tests.InvocationCountTest</td>
<td></td>
<td>0</td>
<td>com.testng.tests.InvocationCountTest@482f8f11</td></tr>
<tr>
<td title='com.testng.tests.InvocationCountTest.invocationCountTest()'><b>invocationCountTest</b><br>Test class: com.testng.tests.InvocationCountTest</td>
<td></td>
<td>0</td>
<td>com.testng.tests.InvocationCountTest@482f8f11</td></tr>
<tr>
<td title='com.testng.tests.InvocationCountTest.invocationCountTest()'><b>invocationCountTest</b><br>Test class: com.testng.tests.InvocationCountTest</td>
<td></td>
<td>0</td>
<td>com.testng.tests.InvocationCountTest@482f8f11</td></tr>
<tr>
<td title='com.testng.tests.InvocationCountTest.invocationCountTest()'><b>invocationCountTest</b><br>Test class: com.testng.tests.InvocationCountTest</td>
<td></td>
<td>0</td>
<td>com.testng.tests.InvocationCountTest@482f8f11</td></tr>
<tr>
<td title='com.testng.tests.InfiniteLoopTest.numberFormat()'><b>numberFormat</b><br>Test class: com.testng.tests.InfiniteLoopTest</td>
<td><div><pre>java.lang.NumberFormatException: For input string: &quot;100A&quot;
	at java.lang.NumberFormatException.forInputString(NumberFormatException.java:65)
	at java.lang.Integer.parseInt(Integer.java:580)
	at java.lang.Integer.parseInt(Integer.java:615)
	at com.testng.tests.InfiniteLoopTest.numberFormat(InfiniteLoopTest.java:22)
... Removed 25 stack frames</pre></div><a href='#' onClick='toggleBox("stack-trace746074699", this, "Click to show all stack frames", "Click to hide stack frames")'>Click to show all stack frames</a>
<div class='stack-trace' id='stack-trace746074699'><pre>java.lang.NumberFormatException: For input string: &quot;100A&quot;
	at java.lang.NumberFormatException.forInputString(NumberFormatException.java:65)
	at java.lang.Integer.parseInt(Integer.java:580)
	at java.lang.Integer.parseInt(Integer.java:615)
	at com.testng.tests.InfiniteLoopTest.numberFormat(InfiniteLoopTest.java:22)
	at sun.reflect.NativeMethodAccessorImpl.invoke0(Native Method)
	at sun.reflect.NativeMethodAccessorImpl.invoke(NativeMethodAccessorImpl.java:62)
	at sun.reflect.DelegatingMethodAccessorImpl.invoke(DelegatingMethodAccessorImpl.java:43)
	at java.lang.reflect.Method.invoke(Method.java:498)
	at org.testng.internal.MethodInvocationHelper.invokeMethod(MethodInvocationHelper.java:104)
	at org.testng.internal.Invoker.invokeMethod(Invoker.java:645)
	at org.testng.internal.Invoker.invokeTestMethod(Invoker.java:851)
	at org.testng.internal.Invoker.invokeTestMethods(Invoker.java:1177)
	at org.testng.internal.TestMethodWorker.invokeTestMethods(TestMethodWorker.java:129)
	at org.testng.internal.TestMethodWorker.run(TestMethodWorker.java:112)
	at org.testng.TestRunner.privateRun(TestRunner.java:756)
	at org.testng.TestRunner.run(TestRunner.java:610)
	at org.testng.SuiteRunner.runTest(SuiteRunner.java:387)
	at org.testng.SuiteRunner.runSequentially(SuiteRunner.java:382)
	at org.testng.SuiteRunner.privateRun(SuiteRunner.java:340)
	at org.testng.SuiteRunner.run(SuiteRunner.java:289)
	at org.testng.SuiteRunnerWorker.runSuite(SuiteRunnerWorker.java:52)
	at org.testng.SuiteRunnerWorker.run(SuiteRunnerWorker.java:86)
	at org.testng.TestNG.runSuitesSequentially(TestNG.java:1293)
	at org.testng.TestNG.runSuitesLocally(TestNG.java:1218)
	at org.testng.TestNG.runSuites(TestNG.java:1133)
	at org.testng.TestNG.run(TestNG.java:1104)
	at org.testng.remote.AbstractRemoteTestNG.run(AbstractRemoteTestNG.java:114)
	at org.testng.remote.RemoteTestNG.initAndRun(RemoteTestNG.java:251)
	at org.testng.remote.RemoteTestNG.main(RemoteTestNG.java:77)
</pre></div></td>
<td>0</td>
<td>com.testng.tests.InfiniteLoopTest@51565ec2</td></tr>
<tr>
<td title='com.testng.tests.KhadarTest.realTest()'><b>realTest</b><br>Test class: com.testng.tests.KhadarTest</td>
<td></td>
<td>0</td>
<td>com.testng.tests.KhadarTest@68be2bc2</td></tr>
<tr>
<td title='com.testng.tests.DependsOnMethodsTest.test1()'><b>test1</b><br>Test class: com.testng.tests.DependsOnMethodsTest</td>
<td></td>
<td>0</td>
<td>com.testng.tests.DependsOnMethodsTest@28feb3fa</td></tr>
<tr>
<td title='com.testng.tests.DependsOnMethodsTest.test1()'><b>test1</b><br>Test class: com.testng.tests.DependsOnMethodsTest</td>
<td></td>
<td>0</td>
<td>com.testng.tests.DependsOnMethodsTest@28feb3fa</td></tr>
<tr>
<td title='com.testng.tests.DependsOnMethodsTest.test1()'><b>test1</b><br>Test class: com.testng.tests.DependsOnMethodsTest</td>
<td></td>
<td>0</td>
<td>com.testng.tests.DependsOnMethodsTest@28feb3fa</td></tr>
<tr>
<td title='com.testng.tests.DependsOnMethodsTest.test1()'><b>test1</b><br>Test class: com.testng.tests.DependsOnMethodsTest</td>
<td></td>
<td>0</td>
<td>com.testng.tests.DependsOnMethodsTest@28feb3fa</td></tr>
<tr>
<td title='com.testng.tests.DependsOnMethodsTest.test1()'><b>test1</b><br>Test class: com.testng.tests.DependsOnMethodsTest</td>
<td></td>
<td>0</td>
<td>com.testng.tests.DependsOnMethodsTest@28feb3fa</td></tr>
<tr>
<td title='com.testng.tests.LaxmanTest.test1()'><b>test1</b><br>Test class: com.testng.tests.LaxmanTest</td>
<td></td>
<td>0</td>
<td>com.testng.tests.LaxmanTest@1593948d</td></tr>
<tr>
<td title='com.testng.tests.DependsOnMethodsTest.test2()'><b>test2</b><br>Test class: com.testng.tests.DependsOnMethodsTest</td>
<td></td>
<td>0</td>
<td>com.testng.tests.DependsOnMethodsTest@28feb3fa</td></tr>
<tr>
<td title='com.testng.tests.DependsOnMethodsTest.test3()'><b>test3</b><br>Test class: com.testng.tests.DependsOnMethodsTest</td>
<td></td>
<td>0</td>
<td>com.testng.tests.DependsOnMethodsTest@28feb3fa</td></tr>
<tr>
<td title='com.testng.tests.DependsOnMethodsTest.testGmilLink()'><b>testGmilLink</b><br>Test class: com.testng.tests.DependsOnMethodsTest</td>
<td></td>
<td>0</td>
<td>com.testng.tests.DependsOnMethodsTest@28feb3fa</td></tr>
<tr>
<td title='com.testng.tests.LaxmanTest.testGmilLink()'><b>testGmilLink</b><br>Test class: com.testng.tests.LaxmanTest</td>
<td></td>
<td>0</td>
<td>com.testng.tests.LaxmanTest@1593948d</td></tr>
<tr>
<td title='com.testng.tests.DependsOnMethodsTest.testLogo()'><b>testLogo</b><br>Test class: com.testng.tests.DependsOnMethodsTest</td>
<td></td>
<td>0</td>
<td>com.testng.tests.DependsOnMethodsTest@28feb3fa</td></tr>
<tr>
<td title='com.testng.tests.LaxmanTest.testLogo()'><b>testLogo</b><br>Test class: com.testng.tests.LaxmanTest</td>
<td></td>
<td>0</td>
<td>com.testng.tests.LaxmanTest@1593948d</td></tr>
<tr>
<td title='com.testng.tests.DependsOnMethodsTest.testTitle()'><b>testTitle</b><br>Test class: com.testng.tests.DependsOnMethodsTest</td>
<td></td>
<td>0</td>
<td>com.testng.tests.DependsOnMethodsTest@28feb3fa</td></tr>
<tr>
<td title='com.testng.tests.LaxmanTest.testTitle()'><b>testTitle</b><br>Test class: com.testng.tests.LaxmanTest</td>
<td></td>
<td>0</td>
<td>com.testng.tests.LaxmanTest@1593948d</td></tr>
</table><p>
</body>
</html>